<?xml version="1.0" encoding="UTF-8"?>
<!-- Generated by org.testng.reporters.JUnitReportReporter -->
<testsuite hostname="DESKTOP-D8IUSTU" failures="0" tests="3" name="riddhi_test.SectionTest" time="12.045" errors="0" timestamp="2023-08-04T16:05:47 IST" skipped="0">
  <testcase classname="riddhi_test.SectionTest" name="getListOfSections" time="0.003"/>
  <system-out/>
  <testcase classname="riddhi_test.SectionTest" name="createSection" time="1.773"/>
  <system-out/>
  <testcase classname="riddhi_test.SectionTest" name="searchSection" time="10.269"/>
  <system-out/>
</testsuite> <!-- riddhi_test.SectionTest -->
