<?xml version="1.0" encoding="UTF-8"?>
<!-- Generated by org.testng.reporters.JUnitReportReporter -->
<testsuite hostname="DESKTOP-D8IUSTU" failures="0" tests="1" name="riddhi_test.E_AddReceiptsTest" time="1.832" errors="0" timestamp="2023-09-01T12:18:40 IST" skipped="0">
  <testcase classname="riddhi_test.E_AddReceiptsTest" name="createNewReceipt" time="1.832"/>
</testsuite> <!-- riddhi_test.E_AddReceiptsTest -->
