<?xml version="1.0" encoding="UTF-8"?>
<!-- Generated by org.testng.reporters.JUnitReportReporter -->
<testsuite hostname="DESKTOP-D8IUSTU" failures="0" tests="1" name="riddhi_test.LoginTest" time="9.411" errors="0" timestamp="2023-08-04T16:05:47 IST" skipped="0">
  <testcase classname="riddhi_test.LoginTest" name="loginTest" time="9.411"/>
  <system-out/>
</testsuite> <!-- riddhi_test.LoginTest -->
