<?xml version="1.0" encoding="UTF-8"?>
<!-- Generated by org.testng.reporters.JUnitReportReporter -->
<testsuite hostname="DESKTOP-D8IUSTU" failures="0" tests="2" name="riddhi_test.D_ViewContentsTest" time="68.981" errors="0" timestamp="2023-09-01T12:18:40 IST" skipped="0">
  <testcase classname="riddhi_test.D_ViewContentsTest" name="viewContentsList" time="66.416"/>
  <testcase classname="riddhi_test.D_ViewContentsTest" name="searchContentsTest" time="2.565"/>
</testsuite> <!-- riddhi_test.D_ViewContentsTest -->
