<?xml version="1.0" encoding="UTF-8"?>
<!-- Generated by org.testng.reporters.JUnitReportReporter -->
<testsuite hostname="DESKTOP-D8IUSTU" failures="0" tests="2" name="riddhi_test.L_ListExpensesTest" time="3.806" errors="0" timestamp="2023-09-01T12:18:40 IST" skipped="1">
  <testcase classname="riddhi_test.L_ListExpensesTest" name="searchExpenseByName" time="3.806"/>
  <testcase classname="riddhi_test.L_ListExpensesTest" name="searchExpenseByDate">
    <skipped/>
  </testcase> <!-- searchExpenseByDate -->
</testsuite> <!-- riddhi_test.L_ListExpensesTest -->
