<?xml version="1.0" encoding="UTF-8"?>
<!-- Generated by org.testng.reporters.JUnitReportReporter -->
<testsuite hostname="DESKTOP-D8IUSTU" failures="0" tests="5" name="riddhi_test.F_ListResidentsTest" time="8.871" errors="0" timestamp="2023-08-08T14:32:53 IST" skipped="4">
  <testcase classname="riddhi_test.F_ListResidentsTest" name="getAllResidentsInfo" time="8.871"/>
  <system-out/>
  <testcase classname="riddhi_test.F_ListResidentsTest" name="viewResidentInfo">
    <skipped/>
  </testcase> <!-- viewResidentInfo -->
  <system-out/>
  <testcase classname="riddhi_test.F_ListResidentsTest" name="showEntries">
    <skipped/>
  </testcase> <!-- showEntries -->
  <system-out/>
  <testcase classname="riddhi_test.F_ListResidentsTest" name="deleteResidentInfo">
    <skipped/>
  </testcase> <!-- deleteResidentInfo -->
  <system-out/>
  <testcase classname="riddhi_test.F_ListResidentsTest" name="searchForResident">
    <skipped/>
  </testcase> <!-- searchForResident -->
  <system-out/>
</testsuite> <!-- riddhi_test.F_ListResidentsTest -->
