<?xml version="1.0" encoding="UTF-8"?>
<!-- Generated by org.testng.reporters.JUnitReportReporter -->
<testsuite hostname="DESKTOP-D8IUSTU" failures="0" tests="4" name="riddhi_test.B_SectionTest" time="30.012" errors="0" timestamp="2023-09-01T12:18:40 IST" skipped="2">
  <testcase classname="riddhi_test.B_SectionTest" name="showEntries" time="0.294"/>
  <testcase classname="riddhi_test.B_SectionTest" name="getListOfSections" time="29.718"/>
  <testcase classname="riddhi_test.B_SectionTest" name="createSection">
    <skipped/>
  </testcase> <!-- createSection -->
  <testcase classname="riddhi_test.B_SectionTest" name="searchSection">
    <skipped/>
  </testcase> <!-- searchSection -->
</testsuite> <!-- riddhi_test.B_SectionTest -->
