<?xml version="1.0" encoding="UTF-8"?>
<!-- Generated by org.testng.reporters.JUnitReportReporter -->
<testsuite hostname="DESKTOP-D8IUSTU" failures="0" tests="6" name="riddhi_test.F_ViewReceiptsTest" time="0.518" errors="0" timestamp="2023-09-01T12:18:40 IST" skipped="5">
  <testcase classname="riddhi_test.F_ViewReceiptsTest" name="viewReceiptByID" time="0.518"/>
  <testcase classname="riddhi_test.F_ViewReceiptsTest" name="editReceiptByID">
    <skipped/>
  </testcase> <!-- editReceiptByID -->
  <testcase classname="riddhi_test.F_ViewReceiptsTest" name="getAllReceipts">
    <skipped/>
  </testcase> <!-- getAllReceipts -->
  <testcase classname="riddhi_test.F_ViewReceiptsTest" name="deleteReceiptByID">
    <skipped/>
  </testcase> <!-- deleteReceiptByID -->
  <testcase classname="riddhi_test.F_ViewReceiptsTest" name="searchByDate">
    <skipped/>
  </testcase> <!-- searchByDate -->
  <testcase classname="riddhi_test.F_ViewReceiptsTest" name="searchReceipts">
    <skipped/>
  </testcase> <!-- searchReceipts -->
</testsuite> <!-- riddhi_test.F_ViewReceiptsTest -->
