<?xml version="1.0" encoding="UTF-8"?>
<!-- Generated by org.testng.reporters.JUnitReportReporter -->
<testsuite hostname="DESKTOP-D8IUSTU" failures="0" tests="1" name="riddhi_test.A_LoginTest" time="34.964" errors="0" timestamp="2023-09-01T12:18:40 IST" skipped="0">
  <testcase classname="riddhi_test.A_LoginTest" name="loginTest" time="34.964"/>
</testsuite> <!-- riddhi_test.A_LoginTest -->
