<?xml version="1.0" encoding="UTF-8"?>
<!-- Generated by org.testng.reporters.JUnitReportReporter -->
<testsuite hostname="DESKTOP-D8IUSTU" failures="0" tests="5" name="riddhi_test.H_ListResidentsTest" time="14.842" errors="0" timestamp="2023-09-01T12:18:40 IST" skipped="4">
  <testcase classname="riddhi_test.H_ListResidentsTest" name="getAllResidentsInfo" time="14.842"/>
  <testcase classname="riddhi_test.H_ListResidentsTest" name="deleteResident">
    <skipped/>
  </testcase> <!-- deleteResident -->
  <testcase classname="riddhi_test.H_ListResidentsTest" name="viewResidentInfo">
    <skipped/>
  </testcase> <!-- viewResidentInfo -->
  <testcase classname="riddhi_test.H_ListResidentsTest" name="searchForResident">
    <skipped/>
  </testcase> <!-- searchForResident -->
  <testcase classname="riddhi_test.H_ListResidentsTest" name="showEntries">
    <skipped/>
  </testcase> <!-- showEntries -->
</testsuite> <!-- riddhi_test.H_ListResidentsTest -->
