<?xml version="1.0" encoding="UTF-8"?>
<!-- Generated by org.testng.reporters.JUnitReportReporter -->
<testsuite hostname="DESKTOP-D8IUSTU" failures="0" tests="1" name="riddhi_test.ContentsTest" time="4.624" errors="0" timestamp="2023-08-04T16:05:47 IST" skipped="0">
  <testcase classname="riddhi_test.ContentsTest" name="getdata" time="4.624"/>
  <system-out/>
</testsuite> <!-- riddhi_test.ContentsTest -->
