<?xml version="1.0" encoding="UTF-8"?>
<!-- Generated by org.testng.reporters.JUnitReportReporter -->
<testsuite hostname="DESKTOP-D8IUSTU" failures="0" tests="1" name="riddhi_test.K_AddExpensesTest" time="1.670" errors="0" timestamp="2023-09-01T12:18:40 IST" skipped="0">
  <testcase classname="riddhi_test.K_AddExpensesTest" name="addExpenseForm" time="1.670"/>
</testsuite> <!-- riddhi_test.K_AddExpensesTest -->
