<?xml version="1.0" encoding="UTF-8"?>
<!-- Generated by org.testng.reporters.JUnitReportReporter -->
<testsuite hostname="DESKTOP-D8IUSTU" failures="0" tests="6" name="riddhi_test.H_ListTenantsTest" time="3.351" errors="0" timestamp="2023-08-08T15:08:05 IST" skipped="2">
  <testcase classname="riddhi_test.H_ListTenantsTest" name="getTenantsPage" time="0.652"/>
  <system-out/>
  <testcase classname="riddhi_test.H_ListTenantsTest" name="getAllTenantsInfo" time="0.421"/>
  <system-out/>
  <testcase classname="riddhi_test.H_ListTenantsTest" name="searchTenant" time="0.410"/>
  <system-out/>
  <testcase classname="riddhi_test.H_ListTenantsTest" name="viewTenantinfo" time="1.868"/>
  <system-out/>
  <testcase classname="riddhi_test.H_ListTenantsTest" name="deleteTenant">
    <skipped/>
  </testcase> <!-- deleteTenant -->
  <system-out/>
  <testcase classname="riddhi_test.H_ListTenantsTest" name="showEntries">
    <skipped/>
  </testcase> <!-- showEntries -->
  <system-out/>
</testsuite> <!-- riddhi_test.H_ListTenantsTest -->
